[Sun May 03 07:41:06 2020] {"OrderId":"3","Amount":35000,"DATA":{"Email":"vitaly.trusov@gmail.com","Connection_type":"opencart v3"}}
[Sun May 03 07:41:06 2020] {"Success":true,"ErrorCode":"0","TerminalKey":"1479903966423DEMO","Status":"NEW","PaymentId":"222446996","OrderId":"3","Amount":35000,"PaymentURL":"https://securepay.tinkoff.ru/new/M0bOwYDv"}
[Sun May 03 07:51:55 2020] {"OrderId":"4","Amount":35000,"DATA":{"Email":"vitaly.trusov@gmail.com","Connection_type":"opencart v3"}}
[Sun May 03 07:51:55 2020] {"Success":true,"ErrorCode":"0","TerminalKey":"1479903966423DEMO","Status":"NEW","PaymentId":"222450164","OrderId":"4","Amount":35000,"PaymentURL":"https://securepay.tinkoff.ru/new/cQ0RlpKC"}
[Sun May 03 12:18:43 2020] {"OrderId":"5","Amount":9500,"DATA":{"Email":"vitaly.trusov@gmail.com","Connection_type":"opencart v3"}}
[Sun May 03 12:18:43 2020] {"Success":true,"ErrorCode":"0","TerminalKey":"1479903966423DEMO","Status":"NEW","PaymentId":"222536596","OrderId":"5","Amount":9500,"PaymentURL":"https://securepay.tinkoff.ru/new/cR5kRomm"}
[Sun May 03 12:21:35 2020] {"OrderId":"6","Amount":9500,"DATA":{"Email":"vitaly.trusov@gmail.com","Connection_type":"opencart v3"}}
[Sun May 03 12:21:35 2020] {"Success":true,"ErrorCode":"0","TerminalKey":"1479903966423DEMO","Status":"NEW","PaymentId":"222537369","OrderId":"6","Amount":9500,"PaymentURL":"https://securepay.tinkoff.ru/new/H0zhnPHq"}
[Sun May 03 12:22:20 2020] {"OrderId":"7","Amount":9500,"DATA":{"Email":"vitaly.trusov@gmail.com","Connection_type":"opencart v3"}}
[Sun May 03 12:22:20 2020] {"Success":true,"ErrorCode":"0","TerminalKey":"1479903966423DEMO","Status":"NEW","PaymentId":"222537541","OrderId":"7","Amount":9500,"PaymentURL":"https://securepay.tinkoff.ru/new/wtFBRlH4"}
[Sun May 03 12:36:09 2020] {"OrderId":"9","Amount":8000,"DATA":{"Email":"vitaly.trusov@gmail.com","Connection_type":"opencart v3"}}
[Sun May 03 12:36:09 2020] {"Success":true,"ErrorCode":"0","TerminalKey":"1479903966423","Status":"NEW","PaymentId":"222540665","OrderId":"9","Amount":8000,"PaymentURL":"https://securepay.tinkoff.ru/new/61STOYDP"}
[Tue May 05 09:20:57 2020] {"OrderId":"13","Amount":26250,"DATA":{"Email":"clubclever63@gmail.com","Connection_type":"opencart v3"}}
[Tue May 05 09:20:57 2020] {"Success":true,"ErrorCode":"0","TerminalKey":"1479903966423","Status":"NEW","PaymentId":"223108820","OrderId":"13","Amount":26250,"PaymentURL":"https://securepay.tinkoff.ru/new/8rWlV4MD"}
[Tue May 05 09:21:19 2020] {"OrderId":"14","Amount":26250,"DATA":{"Email":"clubclever63@gmail.com","Connection_type":"opencart v3"}}
[Tue May 05 09:21:19 2020] {"Success":true,"ErrorCode":"0","TerminalKey":"1479903966423","Status":"NEW","PaymentId":"223108977","OrderId":"14","Amount":26250,"PaymentURL":"https://securepay.tinkoff.ru/new/E4Nuyv0O"}
[Wed May 06 17:57:54 2020] {"OrderId":"18","Amount":85000,"DATA":{"Email":"tev0205@gmail.com","Connection_type":"opencart v3"}}
[Wed May 06 17:57:54 2020] {"Success":true,"ErrorCode":"0","TerminalKey":"1479903966423","Status":"NEW","PaymentId":"223648415","OrderId":"18","Amount":85000,"PaymentURL":"https://securepay.tinkoff.ru/new/iXLeiTuB"}
[Wed May 06 18:15:41 2020] {"OrderId":"21","Amount":377000,"DATA":{"Email":"Rozalia1972@mail.ru","Connection_type":"opencart v3"}}
[Wed May 06 18:15:41 2020] {"Success":true,"ErrorCode":"0","TerminalKey":"1479903966423","Status":"NEW","PaymentId":"223654403","OrderId":"21","Amount":377000,"PaymentURL":"https://securepay.tinkoff.ru/new/ilFUmgyp"}
